<?xml version="1.0" encoding="UTF-8"?>
<robot generator="Robot 7.2.2 (Python 3.13.3 on win32)" generated="2025-05-15T16:33:17.277482" rpa="false" schemaversion="5">
<suite id="s1" name="Click" source="C:\QAx\projects\yodapp-robot\tests\click.robot">
<test id="s1-t1" name="Deve realizar um click simples" line="11">
<kw name="Open Application" owner="AppiumLibrary">
<arg>http://localhost:4723</arg>
<arg>platformName=Android</arg>
<arg>deviceName=Android Emulator</arg>
<arg>automationName=UIAutomator2</arg>
<arg>app=${EXECDIR}/app/yodapp-beta.apk</arg>
<arg>udid=emulator-5554</arg>
<arg>autoGrantPermissions=true</arg>
<doc>Opens a new application to given Appium server.
Capabilities of appium server, Android and iOS,
Please check https://appium.io/docs/en/2.1/cli/args/
| *Option*            | *Man.* | *Description*     |
| remote_url          | Yes    | Appium server url |
| alias               | no     | alias             |
| strict_ssl          | No     | allows you to send commands to an invalid certificate host like a self-signed one. |</doc>
<status status="PASS" start="2025-05-15T16:33:17.426865" elapsed="7.270805"/>
</kw>
<kw name="Wait Until Page Contains" owner="AppiumLibrary">
<arg>${START}</arg>
<arg>5</arg>
<doc>Waits until `text` appears on current page.</doc>
<status status="PASS" start="2025-05-15T16:33:24.698145" elapsed="5.015619"/>
</kw>
<kw name="Click Text" owner="AppiumLibrary">
<msg time="2025-05-15T16:33:31.132836" level="INFO">xpath criteria: //*[contains(@text,"QAX")]</msg>
<arg>${START}</arg>
<doc>Click text identified by ``text``.</doc>
<status status="PASS" start="2025-05-15T16:33:29.714038" elapsed="1.418885"/>
</kw>
<kw name="Set Variable" owner="BuiltIn">
<msg time="2025-05-15T16:33:31.133595" level="INFO">${hamburguer} = xpath=//android.widget.ImageButton[@content-desc="Open navigation drawer"]</msg>
<var>${hamburguer}</var>
<arg>xpath=//android.widget.ImageButton[@content-desc="Open navigation drawer"]</arg>
<doc>Returns the given values which can then be assigned to a variables.</doc>
<status status="PASS" start="2025-05-15T16:33:31.133243" elapsed="0.000376"/>
</kw>
<kw name="Wait Until Element Is Visible" owner="AppiumLibrary">
<msg time="2025-05-15T16:33:31.188467" level="INFO">xpath criteria: //android.widget.ImageButton[@content-desc="Open navigation drawer"]</msg>
<arg>${hamburguer}</arg>
<arg>5</arg>
<doc>Waits until element specified with `locator` is visible.</doc>
<status status="PASS" start="2025-05-15T16:33:31.133816" elapsed="0.054733"/>
</kw>
<kw name="Click Element" owner="AppiumLibrary">
<msg time="2025-05-15T16:33:31.189730" level="INFO">Clicking element 'xpath=//android.widget.ImageButton[@content-desc="Open navigation drawer"]'.</msg>
<msg time="2025-05-15T16:33:31.273071" level="INFO">xpath criteria: //android.widget.ImageButton[@content-desc="Open navigation drawer"]</msg>
<arg>${hamburguer}</arg>
<doc>Click element identified by `locator`.</doc>
<status status="PASS" start="2025-05-15T16:33:31.189031" elapsed="0.084160"/>
</kw>
<kw name="Set Variable" owner="BuiltIn">
<msg time="2025-05-15T16:33:31.273853" level="INFO">${menu_item} = xpath=//*[@resource-id="com.qaxperience.yodapp:id/navView"]//*[@text="Clique em Botões"]</msg>
<var>${menu_item}</var>
<arg>xpath=//*[@resource-id="com.qaxperience.yodapp:id/navView"]//*[@text="Clique em Botões"]</arg>
<doc>Returns the given values which can then be assigned to a variables.</doc>
<status status="PASS" start="2025-05-15T16:33:31.273657" elapsed="0.000218"/>
</kw>
<kw name="Wait Until Element Is Visible" owner="AppiumLibrary">
<msg time="2025-05-15T16:33:32.246957" level="INFO">xpath criteria: //*[@resource-id="com.qaxperience.yodapp:id/navView"]//*[@text="Clique em Botões"]</msg>
<arg>${menu_item}</arg>
<arg>5</arg>
<doc>Waits until element specified with `locator` is visible.</doc>
<status status="PASS" start="2025-05-15T16:33:31.274009" elapsed="0.973023"/>
</kw>
<kw name="Click Element" owner="AppiumLibrary">
<msg time="2025-05-15T16:33:32.247918" level="INFO">Clicking element 'xpath=//*[@resource-id="com.qaxperience.yodapp:id/navView"]//*[@text="Clique em Botões"]'.</msg>
<msg time="2025-05-15T16:33:33.282683" level="INFO">xpath criteria: //*[@resource-id="com.qaxperience.yodapp:id/navView"]//*[@text="Clique em Botões"]</msg>
<arg>${menu_item}</arg>
<doc>Click element identified by `locator`.</doc>
<status status="PASS" start="2025-05-15T16:33:32.247234" elapsed="1.035527"/>
</kw>
<kw name="Wait Until Page Contains" owner="AppiumLibrary">
<arg>Clique simples</arg>
<arg>5</arg>
<doc>Waits until `text` appears on current page.</doc>
<status status="PASS" start="2025-05-15T16:33:33.283508" elapsed="0.029178"/>
</kw>
<kw name="Click Text" owner="AppiumLibrary">
<msg time="2025-05-15T16:33:34.616893" level="INFO">xpath criteria: //*[contains(@text,"Clique simples")]</msg>
<arg>Clique simples</arg>
<doc>Click text identified by ``text``.</doc>
<status status="PASS" start="2025-05-15T16:33:33.312920" elapsed="1.304059"/>
</kw>
<kw name="Wait Until Page Contains" owner="AppiumLibrary">
<arg>Botão clique simples</arg>
<arg>5</arg>
<doc>Waits until `text` appears on current page.</doc>
<status status="PASS" start="2025-05-15T16:33:34.617553" elapsed="0.018031"/>
</kw>
<kw name="Click Text" owner="AppiumLibrary">
<msg time="2025-05-15T16:33:35.234119" level="INFO">xpath criteria: //*[contains(@text,"CLIQUE SIMPLES")]</msg>
<arg>CLIQUE SIMPLES</arg>
<doc>Click text identified by ``text``.</doc>
<status status="PASS" start="2025-05-15T16:33:34.635933" elapsed="0.598258"/>
</kw>
<kw name="Wait Until Page Contains" owner="AppiumLibrary">
<arg>Isso é um clique simples</arg>
<doc>Waits until `text` appears on current page.</doc>
<status status="PASS" start="2025-05-15T16:33:35.234398" elapsed="0.018085"/>
</kw>
<kw name="Close Application" owner="AppiumLibrary">
<doc>Closes the current application and also close webdriver session.</doc>
<status status="PASS" start="2025-05-15T16:33:35.252763" elapsed="0.483603"/>
</kw>
<status status="PASS" start="2025-05-15T16:33:17.426164" elapsed="18.310496"/>
</test>
<status status="PASS" start="2025-05-15T16:33:17.278652" elapsed="18.458710"/>
</suite>
<statistics>
<total>
<stat pass="1" fail="0" skip="0">All Tests</stat>
</total>
<tag>
</tag>
<suite>
<stat name="Click" id="s1" pass="1" fail="0" skip="0">Click</stat>
</suite>
</statistics>
<errors>
</errors>
</robot>
