<?xml version="1.0" encoding="UTF-8"?>
<robot generator="Robot 7.2.2 (Python 3.13.3 on win32)" generated="2025-05-19T15:34:32.345284" rpa="false" schemaversion="5">
<suite id="s1" name="Swipe" source="C:\QAx\projects\yodapp-robot\tests\swipe.robot">
<test id="s1-t1" name="Deve poder remover o Darth Vader" line="7">
<kw name="Start session" owner="base">
<kw name="Open Application" owner="AppiumLibrary">
<arg>http://localhost:4723</arg>
<arg>platformName=Android</arg>
<arg>deviceName=Android Emulator</arg>
<arg>automationName=UIAutomator2</arg>
<arg>app=${EXECDIR}/app/yodapp-beta.apk</arg>
<arg>udid=emulator-5554</arg>
<arg>autoGrantPermissions=true</arg>
<doc>Opens a new application to given Appium server.
Capabilities of appium server, Android and iOS,
Please check https://appium.io/docs/en/2.1/cli/args/
| *Option*            | *Man.* | *Description*     |
| remote_url          | Yes    | Appium server url |
| alias               | no     | alias             |
| strict_ssl          | No     | allows you to send commands to an invalid certificate host like a self-signed one. |</doc>
<status status="PASS" start="2025-05-19T15:34:32.558078" elapsed="8.734511"/>
</kw>
<status status="PASS" start="2025-05-19T15:34:32.557462" elapsed="8.735349"/>
</kw>
<kw name="Get started" owner="base">
<kw name="Wait Until Page Contains" owner="AppiumLibrary">
<arg>${START}</arg>
<arg>5</arg>
<doc>Waits until `text` appears on current page.</doc>
<status status="PASS" start="2025-05-19T15:34:41.294478" elapsed="5.019111"/>
</kw>
<kw name="Click Text" owner="AppiumLibrary">
<msg time="2025-05-19T15:34:46.747616" level="INFO">xpath criteria: //*[contains(@text,"QAX")]</msg>
<arg>${START}</arg>
<doc>Click text identified by ``text``.</doc>
<status status="PASS" start="2025-05-19T15:34:46.313744" elapsed="0.434321"/>
</kw>
<status status="PASS" start="2025-05-19T15:34:41.293481" elapsed="5.454726"/>
</kw>
<kw name="Navigate to" owner="base">
<kw name="Set Variable" owner="BuiltIn">
<msg time="2025-05-19T15:34:46.749388" level="INFO">${hamburguer} = xpath=//android.widget.ImageButton[@content-desc="Open navigation drawer"]</msg>
<var>${hamburguer}</var>
<arg>xpath=//android.widget.ImageButton[@content-desc="Open navigation drawer"]</arg>
<doc>Returns the given values which can then be assigned to a variables.</doc>
<status status="PASS" start="2025-05-19T15:34:46.749217" elapsed="0.000205"/>
</kw>
<kw name="Wait Until Element Is Visible" owner="AppiumLibrary">
<msg time="2025-05-19T15:34:47.911303" level="INFO">xpath criteria: //android.widget.ImageButton[@content-desc="Open navigation drawer"]</msg>
<arg>${hamburguer}</arg>
<arg>5</arg>
<doc>Waits until element specified with `locator` is visible.</doc>
<status status="PASS" start="2025-05-19T15:34:46.749513" elapsed="1.162200"/>
</kw>
<kw name="Click Element" owner="AppiumLibrary">
<msg time="2025-05-19T15:34:47.913109" level="INFO">Clicking element 'xpath=//android.widget.ImageButton[@content-desc="Open navigation drawer"]'.</msg>
<msg time="2025-05-19T15:34:48.026150" level="INFO">xpath criteria: //android.widget.ImageButton[@content-desc="Open navigation drawer"]</msg>
<arg>${hamburguer}</arg>
<doc>Click element identified by `locator`.</doc>
<status status="PASS" start="2025-05-19T15:34:47.911988" elapsed="0.114264"/>
</kw>
<kw name="Set Variable" owner="BuiltIn">
<msg time="2025-05-19T15:34:48.026997" level="INFO">${menu_item} = xpath=//*[@resource-id="com.qaxperience.yodapp:id/navView"]//*[@text="Star Wars"]</msg>
<var>${menu_item}</var>
<arg>xpath=//*[@resource-id="com.qaxperience.yodapp:id/navView"]//*[@text="${item_text}"]</arg>
<doc>Returns the given values which can then be assigned to a variables.</doc>
<status status="PASS" start="2025-05-19T15:34:48.026513" elapsed="0.000523"/>
</kw>
<kw name="Wait Until Element Is Visible" owner="AppiumLibrary">
<msg time="2025-05-19T15:34:49.030901" level="INFO">xpath criteria: //*[@resource-id="com.qaxperience.yodapp:id/navView"]//*[@text="Star Wars"]</msg>
<arg>${menu_item}</arg>
<arg>5</arg>
<doc>Waits until element specified with `locator` is visible.</doc>
<status status="PASS" start="2025-05-19T15:34:48.027159" elapsed="1.003867"/>
</kw>
<kw name="Click Element" owner="AppiumLibrary">
<msg time="2025-05-19T15:34:49.032094" level="INFO">Clicking element 'xpath=//*[@resource-id="com.qaxperience.yodapp:id/navView"]//*[@text="Star Wars"]'.</msg>
<msg time="2025-05-19T15:34:50.102669" level="INFO">xpath criteria: //*[@resource-id="com.qaxperience.yodapp:id/navView"]//*[@text="Star Wars"]</msg>
<arg>${menu_item}</arg>
<doc>Click element identified by `locator`.</doc>
<status status="PASS" start="2025-05-19T15:34:49.031398" elapsed="1.071346"/>
</kw>
<arg>Star Wars</arg>
<status status="PASS" start="2025-05-19T15:34:46.748821" elapsed="3.353994"/>
</kw>
<kw name="Go to item" owner="base">
<kw name="Wait Until Page Contains" owner="AppiumLibrary">
<arg>${item}</arg>
<arg>5</arg>
<doc>Waits until `text` appears on current page.</doc>
<status status="PASS" start="2025-05-19T15:34:50.103667" elapsed="0.046409"/>
</kw>
<kw name="Click Text" owner="AppiumLibrary">
<msg time="2025-05-19T15:34:51.755872" level="INFO">xpath criteria: //*[contains(@text,"Lista")]</msg>
<arg>${item}</arg>
<doc>Click text identified by ``text``.</doc>
<status status="PASS" start="2025-05-19T15:34:50.150512" elapsed="1.605468"/>
</kw>
<kw name="Wait Until Page Contains" owner="AppiumLibrary">
<arg>${checkpoint}</arg>
<doc>Waits until `text` appears on current page.</doc>
<status status="PASS" start="2025-05-19T15:34:51.756177" elapsed="0.057249"/>
</kw>
<arg>Lista</arg>
<arg>Darth Vader</arg>
<status status="PASS" start="2025-05-19T15:34:50.103357" elapsed="1.710157"/>
</kw>
<kw name="Get Element Location" owner="AppiumLibrary">
<msg time="2025-05-19T15:34:51.914602" level="INFO">Element '//android.widget.TextView[@text="@darthvader"]/../../..//*[contains(@resource-id, "indicator")]' location: {'x': 975, 'y': 615} </msg>
<msg time="2025-05-19T15:34:51.914710" level="INFO">xpath criteria: //android.widget.TextView[@text="@darthvader"]/../../..//*[contains(@resource-id, "indicator")]</msg>
<msg time="2025-05-19T15:34:51.914767" level="INFO">${position} = {'x': 975, 'y': 615}</msg>
<var>${position}</var>
<arg>//android.widget.TextView[@text="@darthvader"]/../../..//*[contains(@resource-id, "indicator")]</arg>
<doc>Get element location</doc>
<status status="PASS" start="2025-05-19T15:34:51.813850" elapsed="0.100933"/>
</kw>
<kw name="Set Variable" owner="BuiltIn">
<msg time="2025-05-19T15:34:51.915191" level="INFO">${start_x} = 975</msg>
<var>${start_x}</var>
<arg>${position}[x]</arg>
<doc>Returns the given values which can then be assigned to a variables.</doc>
<status status="PASS" start="2025-05-19T15:34:51.915030" elapsed="0.000180"/>
</kw>
<kw name="Set Variable" owner="BuiltIn">
<msg time="2025-05-19T15:34:51.915445" level="INFO">${start_y} = 615</msg>
<var>${start_y}</var>
<arg>${position}[y]</arg>
<doc>Returns the given values which can then be assigned to a variables.</doc>
<status status="PASS" start="2025-05-19T15:34:51.915338" elapsed="0.000125"/>
</kw>
<kw name="Evaluate" owner="BuiltIn">
<msg time="2025-05-19T15:34:51.915984" level="INFO">${offset_x} = 325</msg>
<var>${offset_x}</var>
<arg>${position}[x] - 650</arg>
<doc>Evaluates the given expression in Python and returns the result.</doc>
<status status="PASS" start="2025-05-19T15:34:51.915607" elapsed="0.000405"/>
</kw>
<kw name="Set Variable" owner="BuiltIn">
<msg time="2025-05-19T15:34:51.916345" level="INFO">${offset_y} = 615</msg>
<var>${offset_y}</var>
<arg>${position}[y]</arg>
<doc>Returns the given values which can then be assigned to a variables.</doc>
<status status="PASS" start="2025-05-19T15:34:51.916181" elapsed="0.000194"/>
</kw>
<kw name="Swipe" owner="AppiumLibrary">
<arg>${start_x}</arg>
<arg>${start_y}</arg>
<arg>${offset_x}</arg>
<arg>${offset_y}</arg>
<arg>1000</arg>
<doc>Swipe from one point to another point, for an optional duration.</doc>
<status status="PASS" start="2025-05-19T15:34:51.916688" elapsed="1.357587"/>
</kw>
<kw name="Click Element" owner="AppiumLibrary">
<msg time="2025-05-19T15:34:53.275867" level="INFO">Clicking element 'id=com.qaxperience.yodapp:id/btnRemove'.</msg>
<msg time="2025-05-19T15:34:53.913788" level="INFO">criteria is com.qaxperience.yodapp:id/btnRemove</msg>
<arg>id=com.qaxperience.yodapp:id/btnRemove</arg>
<doc>Click element identified by `locator`.</doc>
<status status="PASS" start="2025-05-19T15:34:53.274948" elapsed="0.639045"/>
</kw>
<kw name="Wait Until Page Does Not Contain" owner="AppiumLibrary">
<arg>Darth Vader</arg>
<doc>Waits until `text` disappears from current page.</doc>
<status status="PASS" start="2025-05-19T15:34:53.914669" elapsed="0.870314"/>
</kw>
<kw name="Close session" owner="base">
<kw name="Close Application" owner="AppiumLibrary">
<doc>Closes the current application and also close webdriver session.</doc>
<status status="PASS" start="2025-05-19T15:34:54.786859" elapsed="0.517147"/>
</kw>
<status status="PASS" start="2025-05-19T15:34:54.785936" elapsed="0.518268"/>
</kw>
<status status="PASS" start="2025-05-19T15:34:32.556880" elapsed="22.747777"/>
</test>
<status status="PASS" start="2025-05-19T15:34:32.346695" elapsed="22.959541"/>
</suite>
<statistics>
<total>
<stat pass="1" fail="0" skip="0">All Tests</stat>
</total>
<tag>
</tag>
<suite>
<stat name="Swipe" id="s1" pass="1" fail="0" skip="0">Swipe</stat>
</suite>
</statistics>
<errors>
</errors>
</robot>
